[debug] [2020-10-03T15:01:20.284Z] ----------------------------------------------------------------------
[debug] [2020-10-03T15:01:20.287Z] Command:       /usr/local/bin/firebase /Users/jeuelviveros/.cache/firebase/tools/lib/node_modules/firebase-tools/lib/bin/firebase deploy
[debug] [2020-10-03T15:01:20.287Z] CLI Version:   7.12.1
[debug] [2020-10-03T15:01:20.287Z] Platform:      darwin
[debug] [2020-10-03T15:01:20.287Z] Node Version:  v12.13.1
[debug] [2020-10-03T15:01:20.288Z] Time:          Sat Oct 03 2020 10:01:20 GMT-0500 (Central Daylight Time)
[debug] [2020-10-03T15:01:20.288Z] ----------------------------------------------------------------------
[debug] [2020-10-03T15:01:20.288Z] 
[debug] [2020-10-03T15:01:20.302Z] > command requires scopes: ["email","openid","https://www.googleapis.com/auth/cloudplatformprojects.readonly","https://www.googleapis.com/auth/firebase","https://www.googleapis.com/auth/cloud-platform"]
[debug] [2020-10-03T15:01:20.303Z] > authorizing via signed-in user
[debug] [2020-10-03T15:01:20.303Z] [iam] checking project portfolio-jeuel for permissions ["firebase.projects.get","firebasehosting.sites.update"]
[debug] [2020-10-03T15:01:20.304Z] > refreshing access token with scopes: ["email","https://www.googleapis.com/auth/cloud-platform","https://www.googleapis.com/auth/cloudplatformprojects.readonly","https://www.googleapis.com/auth/firebase","openid"]
[debug] [2020-10-03T15:01:20.304Z] >>> HTTP REQUEST POST https://www.googleapis.com/oauth2/v3/token  
 <request body omitted>
[debug] [2020-10-03T15:01:20.482Z] <<< HTTP RESPONSE 200
[debug] [2020-10-03T15:01:20.499Z] >>> HTTP REQUEST POST https://cloudresourcemanager.googleapis.com/v1/projects/portfolio-jeuel:testIamPermissions  

[debug] [2020-10-03T15:01:20.902Z] <<< HTTP RESPONSE 200
[debug] [2020-10-03T15:01:20.904Z] >>> HTTP REQUEST GET https://firebase.googleapis.com/v1beta1/projects/portfolio-jeuel  
 
[debug] [2020-10-03T15:01:21.312Z] <<< HTTP RESPONSE 200
[info] 
[info] === Deploying to 'portfolio-jeuel'...
[info] 
[info] i  deploying hosting
[debug] [2020-10-03T15:01:21.315Z] >>> HTTP REQUEST POST https://firebasehosting.googleapis.com/v1beta1/sites/portfolio-jeuel/versions  

[debug] [2020-10-03T15:01:21.926Z] <<< HTTP RESPONSE 200
[info] i  hosting[portfolio-jeuel]: beginning deploy...
[info] i  hosting[portfolio-jeuel]: found 41 files in build
[debug] [2020-10-03T15:01:22.223Z] [hosting] hash cache [YnVpbGQ] stored for 41 files
[debug] [2020-10-03T15:01:22.224Z] [hosting][hash queue][FINAL]
[debug] [2020-10-03T15:01:22.224Z] >>> HTTP REQUEST POST https://firebasehosting.googleapis.com/v1beta1/sites/portfolio-jeuel/versions/97ae7bee7817ba1d:populateFiles  
 <request body omitted>
[debug] [2020-10-03T15:01:22.645Z] <<< HTTP RESPONSE 200
[debug] [2020-10-03T15:01:22.649Z] [hosting][populate queue][FINAL]
[debug] [2020-10-03T15:01:22.649Z] [hosting] uploads queued: 8
